Info: Starting: Create block symbol file (.bsf)
Info: ip-generate --project-directory=E:/Pov_Led_FPGA/ --output-directory=E:/Pov_Led_FPGA/Qsys_system/ --report-file=bsf:E:/Pov_Led_FPGA/Qsys_system.bsf --system-info=DEVICE_FAMILY="Cyclone IV E" --system-info=DEVICE=EP4CE6E22C8 --system-info=DEVICE_SPEEDGRADE=8 --component-file=E:/Pov_Led_FPGA/Qsys_system.qsys
Progress: Loading Pov_Led_FPGA/Qsys_system.qsys
Progress: Reading input file
Progress: Adding clk [clock_source 13.1]
Progress: Parameterizing module clk
Progress: Adding nios2_qsys [altera_nios2_qsys 13.1]
Progress: Parameterizing module nios2_qsys
Progress: Adding onchip_rom [altera_avalon_onchip_memory2 13.1]
Progress: Parameterizing module onchip_rom
Progress: Adding onchip_ram [altera_avalon_onchip_memory2 13.1]
Progress: Parameterizing module onchip_ram
Progress: Adding jtag_uart [altera_avalon_jtag_uart 13.1]
Progress: Parameterizing module jtag_uart
Progress: Adding sysid_qsys [altera_avalon_sysid_qsys 13.1]
Progress: Parameterizing module sysid_qsys
Progress: Adding Led [altera_avalon_pio 13.1]
Progress: Parameterizing module Led
Progress: Adding Hal249 [altera_avalon_pio 13.1]
Progress: Parameterizing module Hal249
Progress: Building connections
Progress: Parameterizing connections
Progress: Validating
Progress: Done reading input file
Info: Qsys_system.sysid_qsys: System ID is not assigned automatically. Edit the System ID parameter to provide a unique ID
Info: Qsys_system.sysid_qsys: Time stamp will be automatically updated when this component is generated.
Info: Qsys_system.Hal249: PIO inputs are not hardwired in test bench. Undefined values will be read from PIO inputs during simulation.
Info: ip-generate succeeded.
Info: Finished: Create block symbol file (.bsf)
Info: 
Info: Starting: Create HDL design files for synthesis
Info: ip-generate --project-directory=E:/Pov_Led_FPGA/ --output-directory=E:/Pov_Led_FPGA/Qsys_system/synthesis/ --file-set=QUARTUS_SYNTH --report-file=html:E:/Pov_Led_FPGA/Qsys_system.html --report-file=sopcinfo:E:/Pov_Led_FPGA/Qsys_system.sopcinfo --report-file=cmp:E:/Pov_Led_FPGA/Qsys_system.cmp --report-file=qip:E:/Pov_Led_FPGA/Qsys_system/synthesis/Qsys_system.qip --report-file=svd --report-file=regmap:E:/Pov_Led_FPGA/Qsys_system/synthesis/Qsys_system.regmap --report-file=debuginfo:E:/Pov_Led_FPGA/Qsys_system/synthesis/Qsys_system.debuginfo --system-info=DEVICE_FAMILY="Cyclone IV E" --system-info=DEVICE=EP4CE6E22C8 --system-info=DEVICE_SPEEDGRADE=8 --component-file=E:/Pov_Led_FPGA/Qsys_system.qsys --language=VERILOG
Progress: Loading Pov_Led_FPGA/Qsys_system.qsys
Progress: Reading input file
Progress: Adding clk [clock_source 13.1]
Progress: Parameterizing module clk
Progress: Adding nios2_qsys [altera_nios2_qsys 13.1]
Progress: Parameterizing module nios2_qsys
Progress: Adding onchip_rom [altera_avalon_onchip_memory2 13.1]
Progress: Parameterizing module onchip_rom
Progress: Adding onchip_ram [altera_avalon_onchip_memory2 13.1]
Progress: Parameterizing module onchip_ram
Progress: Adding jtag_uart [altera_avalon_jtag_uart 13.1]
Progress: Parameterizing module jtag_uart
Progress: Adding sysid_qsys [altera_avalon_sysid_qsys 13.1]
Progress: Parameterizing module sysid_qsys
Progress: Adding Led [altera_avalon_pio 13.1]
Progress: Parameterizing module Led
Progress: Adding Hal249 [altera_avalon_pio 13.1]
Progress: Parameterizing module Hal249
Progress: Building connections
Progress: Parameterizing connections
Progress: Validating
Progress: Done reading input file
Info: Qsys_system.sysid_qsys: System ID is not assigned automatically. Edit the System ID parameter to provide a unique ID
Info: Qsys_system.sysid_qsys: Time stamp will be automatically updated when this component is generated.
Info: Qsys_system.Hal249: PIO inputs are not hardwired in test bench. Undefined values will be read from PIO inputs during simulation.
Info: Qsys_system: Generating Qsys_system "Qsys_system" for QUARTUS_SYNTH
Info: pipeline_bridge_swap_transform: After transform: 8 modules, 33 connections
Info: No custom instruction connections, skipping transform 
Info: merlin_initial_interconnect_transform: After transform: 8 modules, 31 connections
Info: merlin_translator_transform: After transform: 17 modules, 67 connections
Info: merlin_domain_transform: After transform: 34 modules, 180 connections
Info: merlin_router_transform: After transform: 43 modules, 216 connections
Info: merlin_traffic_limiter_transform: After transform: 45 modules, 226 connections
Info: merlin_network_to_switch_transform: After transform: 62 modules, 273 connections
Info: limiter_update_transform: After transform: 62 modules, 275 connections
Info: merlin_clock_and_reset_bridge_transform: After transform: 64 modules, 338 connections
Info: merlin_hierarchy_transform: After transform: 9 modules, 35 connections
Info: merlin_mm_transform: After transform: 9 modules, 35 connections
Info: merlin_interrupt_mapper_transform: After transform: 10 modules, 39 connections
Info: reset_adaptation_transform: After transform: 12 modules, 40 connections
Info: nios2_qsys: Starting RTL generation for module 'Qsys_system_nios2_qsys'
Info: nios2_qsys:   Generation command is [exec D:/altera/13.1/quartus/bin/eperlcmd.exe -I D:/altera/13.1/quartus/bin/perl/lib -I D:/altera/13.1/quartus/sopc_builder/bin/europa -I D:/altera/13.1/quartus/sopc_builder/bin/perl_lib -I D:/altera/13.1/quartus/sopc_builder/bin -I D:/altera/13.1/quartus/../ip/altera/nios2_ip/altera_nios2/cpu_lib -I D:/altera/13.1/quartus/../ip/altera/nios2_ip/altera_nios2/nios_lib -I D:/altera/13.1/quartus/../ip/altera/nios2_ip/altera_nios2 -I D:/altera/13.1/quartus/../ip/altera/nios2_ip/altera_nios2 -- D:/altera/13.1/quartus/../ip/altera/nios2_ip/altera_nios2/generate_rtl.epl --name=Qsys_system_nios2_qsys --dir=C:/Users/73630/AppData/Local/Temp/alt7469_5045892053415049981.dir/0001_nios2_qsys_gen/ --quartus_dir=D:/altera/13.1/quartus --verilog --config=C:/Users/73630/AppData/Local/Temp/alt7469_5045892053415049981.dir/0001_nios2_qsys_gen//Qsys_system_nios2_qsys_processor_configuration.pl  --do_build_sim=0  ]
Info: nios2_qsys: # 2017.10.30 14:23:44 (*) Starting Nios II generation
Info: nios2_qsys: # 2017.10.30 14:23:44 (*)   Checking for plaintext license.
Info: nios2_qsys: # 2017.10.30 14:23:49 (*)   Plaintext license not found.
Info: nios2_qsys: # 2017.10.30 14:23:49 (*)   Checking for encrypted license (non-evaluation).
Info: nios2_qsys: # 2017.10.30 14:23:53 (*)   Encrypted license found.  SOF will not be time-limited.
Info: nios2_qsys: # 2017.10.30 14:23:53 (*)   Elaborating CPU configuration settings
Info: nios2_qsys: # 2017.10.30 14:23:53 (*)   Creating all objects for CPU
Info: nios2_qsys: # 2017.10.30 14:23:53 (*)     Testbench
Info: nios2_qsys: # 2017.10.30 14:23:54 (*)     Instruction decoding
Info: nios2_qsys: # 2017.10.30 14:23:54 (*)       Instruction fields
Info: nios2_qsys: # 2017.10.30 14:23:54 (*)       Instruction decodes
Info: nios2_qsys: # 2017.10.30 14:23:55 (*)       Signals for RTL simulation waveforms
Info: nios2_qsys: # 2017.10.30 14:23:55 (*)       Instruction controls
Info: nios2_qsys: # 2017.10.30 14:23:55 (*)     Pipeline frontend
Info: nios2_qsys: # 2017.10.30 14:23:56 (*)     Pipeline backend
Info: nios2_qsys: # 2017.10.30 14:24:01 (*)   Generating RTL from CPU objects
Info: nios2_qsys: # 2017.10.30 14:24:08 (*)   Creating encrypted RTL
Info: nios2_qsys: # 2017.10.30 14:24:10 (*) Done Nios II generation
Info: nios2_qsys: Done RTL generation for module 'Qsys_system_nios2_qsys'
Info: nios2_qsys: "Qsys_system" instantiated altera_nios2_qsys "nios2_qsys"
Info: onchip_rom: Starting RTL generation for module 'Qsys_system_onchip_rom'
Info: onchip_rom:   Generation command is [exec D:/altera/13.1/quartus/bin/perl/bin/perl.exe -I D:/altera/13.1/quartus/bin/perl/lib -I D:/altera/13.1/quartus/sopc_builder/bin/europa -I D:/altera/13.1/quartus/sopc_builder/bin/perl_lib -I D:/altera/13.1/quartus/sopc_builder/bin -I D:/altera/13.1/quartus/../ip/altera/sopc_builder_ip/common -I D:/altera/13.1/quartus/../ip/altera/sopc_builder_ip/altera_avalon_onchip_memory2 -- D:/altera/13.1/quartus/../ip/altera/sopc_builder_ip/altera_avalon_onchip_memory2/generate_rtl.pl --name=Qsys_system_onchip_rom --dir=C:/Users/73630/AppData/Local/Temp/alt7469_5045892053415049981.dir/0002_onchip_rom_gen/ --quartus_dir=D:/altera/13.1/quartus --verilog --config=C:/Users/73630/AppData/Local/Temp/alt7469_5045892053415049981.dir/0002_onchip_rom_gen//Qsys_system_onchip_rom_component_configuration.pl  --do_build_sim=0  ]
Info: onchip_rom: Done RTL generation for module 'Qsys_system_onchip_rom'
Info: onchip_rom: "Qsys_system" instantiated altera_avalon_onchip_memory2 "onchip_rom"
Info: onchip_ram: Starting RTL generation for module 'Qsys_system_onchip_ram'
Info: onchip_ram:   Generation command is [exec D:/altera/13.1/quartus/bin/perl/bin/perl.exe -I D:/altera/13.1/quartus/bin/perl/lib -I D:/altera/13.1/quartus/sopc_builder/bin/europa -I D:/altera/13.1/quartus/sopc_builder/bin/perl_lib -I D:/altera/13.1/quartus/sopc_builder/bin -I D:/altera/13.1/quartus/../ip/altera/sopc_builder_ip/common -I D:/altera/13.1/quartus/../ip/altera/sopc_builder_ip/altera_avalon_onchip_memory2 -- D:/altera/13.1/quartus/../ip/altera/sopc_builder_ip/altera_avalon_onchip_memory2/generate_rtl.pl --name=Qsys_system_onchip_ram --dir=C:/Users/73630/AppData/Local/Temp/alt7469_5045892053415049981.dir/0003_onchip_ram_gen/ --quartus_dir=D:/altera/13.1/quartus --verilog --config=C:/Users/73630/AppData/Local/Temp/alt7469_5045892053415049981.dir/0003_onchip_ram_gen//Qsys_system_onchip_ram_component_configuration.pl  --do_build_sim=0  ]
Info: onchip_ram: Done RTL generation for module 'Qsys_system_onchip_ram'
Info: onchip_ram: "Qsys_system" instantiated altera_avalon_onchip_memory2 "onchip_ram"
Info: jtag_uart: Starting RTL generation for module 'Qsys_system_jtag_uart'
Info: jtag_uart:   Generation command is [exec D:/altera/13.1/quartus/bin/perl/bin/perl.exe -I D:/altera/13.1/quartus/bin/perl/lib -I D:/altera/13.1/quartus/sopc_builder/bin/europa -I D:/altera/13.1/quartus/sopc_builder/bin/perl_lib -I D:/altera/13.1/quartus/sopc_builder/bin -I D:/altera/13.1/quartus/../ip/altera/sopc_builder_ip/common -I D:/altera/13.1/quartus/../ip/altera/sopc_builder_ip/altera_avalon_jtag_uart -- D:/altera/13.1/quartus/../ip/altera/sopc_builder_ip/altera_avalon_jtag_uart/generate_rtl.pl --name=Qsys_system_jtag_uart --dir=C:/Users/73630/AppData/Local/Temp/alt7469_5045892053415049981.dir/0004_jtag_uart_gen/ --quartus_dir=D:/altera/13.1/quartus --verilog --config=C:/Users/73630/AppData/Local/Temp/alt7469_5045892053415049981.dir/0004_jtag_uart_gen//Qsys_system_jtag_uart_component_configuration.pl  --do_build_sim=0  ]
Info: jtag_uart: Done RTL generation for module 'Qsys_system_jtag_uart'
Info: jtag_uart: "Qsys_system" instantiated altera_avalon_jtag_uart "jtag_uart"
Info: sysid_qsys: "Qsys_system" instantiated altera_avalon_sysid_qsys "sysid_qsys"
Info: Led: Starting RTL generation for module 'Qsys_system_Led'
Info: Led:   Generation command is [exec D:/altera/13.1/quartus/bin/perl/bin/perl.exe -I D:/altera/13.1/quartus/bin/perl/lib -I D:/altera/13.1/quartus/sopc_builder/bin/europa -I D:/altera/13.1/quartus/sopc_builder/bin/perl_lib -I D:/altera/13.1/quartus/sopc_builder/bin -I D:/altera/13.1/quartus/../ip/altera/sopc_builder_ip/common -I D:/altera/13.1/quartus/../ip/altera/sopc_builder_ip/altera_avalon_pio -- D:/altera/13.1/quartus/../ip/altera/sopc_builder_ip/altera_avalon_pio/generate_rtl.pl --name=Qsys_system_Led --dir=C:/Users/73630/AppData/Local/Temp/alt7469_5045892053415049981.dir/0006_Led_gen/ --quartus_dir=D:/altera/13.1/quartus --verilog --config=C:/Users/73630/AppData/Local/Temp/alt7469_5045892053415049981.dir/0006_Led_gen//Qsys_system_Led_component_configuration.pl  --do_build_sim=0  ]
Info: Led: Done RTL generation for module 'Qsys_system_Led'
Info: Led: "Qsys_system" instantiated altera_avalon_pio "Led"
Info: Hal249: Starting RTL generation for module 'Qsys_system_Hal249'
Info: Hal249:   Generation command is [exec D:/altera/13.1/quartus/bin/perl/bin/perl.exe -I D:/altera/13.1/quartus/bin/perl/lib -I D:/altera/13.1/quartus/sopc_builder/bin/europa -I D:/altera/13.1/quartus/sopc_builder/bin/perl_lib -I D:/altera/13.1/quartus/sopc_builder/bin -I D:/altera/13.1/quartus/../ip/altera/sopc_builder_ip/common -I D:/altera/13.1/quartus/../ip/altera/sopc_builder_ip/altera_avalon_pio -- D:/altera/13.1/quartus/../ip/altera/sopc_builder_ip/altera_avalon_pio/generate_rtl.pl --name=Qsys_system_Hal249 --dir=C:/Users/73630/AppData/Local/Temp/alt7469_5045892053415049981.dir/0007_Hal249_gen/ --quartus_dir=D:/altera/13.1/quartus --verilog --config=C:/Users/73630/AppData/Local/Temp/alt7469_5045892053415049981.dir/0007_Hal249_gen//Qsys_system_Hal249_component_configuration.pl  --do_build_sim=0  ]
Info: Hal249: Done RTL generation for module 'Qsys_system_Hal249'
Info: Hal249: "Qsys_system" instantiated altera_avalon_pio "Hal249"
Info: pipeline_bridge_swap_transform: After transform: 56 modules, 192 connections
Info: No custom instruction connections, skipping transform 
Info: merlin_initial_interconnect_transform: After transform: 0 modules, 0 connections
Info: No Avalon connections, skipping transform 
Info: merlin_hierarchy_transform: After transform: 56 modules, 192 connections
Info: merlin_initial_interconnect_transform: After transform: 0 modules, 0 connections
Info: No Avalon connections, skipping transform 
Info: merlin_hierarchy_transform: After transform: 56 modules, 192 connections
Info: merlin_initial_interconnect_transform: After transform: 0 modules, 0 connections
Info: No Avalon connections, skipping transform 
Info: merlin_hierarchy_transform: After transform: 56 modules, 192 connections
Info: merlin_initial_interconnect_transform: After transform: 0 modules, 0 connections
Info: No Avalon connections, skipping transform 
Info: merlin_hierarchy_transform: After transform: 56 modules, 192 connections
Info: merlin_initial_interconnect_transform: After transform: 0 modules, 0 connections
Info: No Avalon connections, skipping transform 
Info: merlin_hierarchy_transform: After transform: 56 modules, 192 connections
Info: merlin_initial_interconnect_transform: After transform: 0 modules, 0 connections
Info: No Avalon connections, skipping transform 
Info: merlin_hierarchy_transform: After transform: 56 modules, 192 connections
Info: merlin_initial_interconnect_transform: After transform: 0 modules, 0 connections
Info: No Avalon connections, skipping transform 
Info: merlin_hierarchy_transform: After transform: 56 modules, 192 connections
Info: merlin_initial_interconnect_transform: After transform: 0 modules, 0 connections
Info: No Avalon connections, skipping transform 
Info: merlin_hierarchy_transform: After transform: 56 modules, 192 connections
Info: merlin_initial_interconnect_transform: After transform: 0 modules, 0 connections
Info: No Avalon connections, skipping transform 
Info: merlin_hierarchy_transform: After transform: 56 modules, 192 connections
Info: mm_interconnect_0: "Qsys_system" instantiated altera_merlin_interconnect_wrapper "mm_interconnect_0"
Info: irq_mapper: "Qsys_system" instantiated altera_irq_mapper "irq_mapper"
Info: rst_controller: "Qsys_system" instantiated altera_reset_controller "rst_controller"
Info: nios2_qsys_instruction_master_translator: "mm_interconnect_0" instantiated altera_merlin_master_translator "nios2_qsys_instruction_master_translator"
Info: nios2_qsys_jtag_debug_module_translator: "mm_interconnect_0" instantiated altera_merlin_slave_translator "nios2_qsys_jtag_debug_module_translator"
Info: nios2_qsys_instruction_master_translator_avalon_universal_master_0_agent: "mm_interconnect_0" instantiated altera_merlin_master_agent "nios2_qsys_instruction_master_translator_avalon_universal_master_0_agent"
Info: nios2_qsys_jtag_debug_module_translator_avalon_universal_slave_0_agent: "mm_interconnect_0" instantiated altera_merlin_slave_agent "nios2_qsys_jtag_debug_module_translator_avalon_universal_slave_0_agent"
Info: nios2_qsys_jtag_debug_module_translator_avalon_universal_slave_0_agent_rsp_fifo: "mm_interconnect_0" instantiated altera_avalon_sc_fifo "nios2_qsys_jtag_debug_module_translator_avalon_universal_slave_0_agent_rsp_fifo"
Info: addr_router: "mm_interconnect_0" instantiated altera_merlin_router "addr_router"
Info: addr_router_001: "mm_interconnect_0" instantiated altera_merlin_router "addr_router_001"
Info: id_router: "mm_interconnect_0" instantiated altera_merlin_router "id_router"
Info: id_router_003: "mm_interconnect_0" instantiated altera_merlin_router "id_router_003"
Info: limiter: "mm_interconnect_0" instantiated altera_merlin_traffic_limiter "limiter"
Info: Reusing file E:/Pov_Led_FPGA/Qsys_system/synthesis/submodules/altera_avalon_sc_fifo.v
Info: cmd_xbar_demux: "mm_interconnect_0" instantiated altera_merlin_demultiplexer "cmd_xbar_demux"
Info: cmd_xbar_demux_001: "mm_interconnect_0" instantiated altera_merlin_demultiplexer "cmd_xbar_demux_001"
Info: cmd_xbar_mux: "mm_interconnect_0" instantiated altera_merlin_multiplexer "cmd_xbar_mux"
Info: cmd_xbar_mux_003: "mm_interconnect_0" instantiated altera_merlin_multiplexer "cmd_xbar_mux_003"
Info: Reusing file E:/Pov_Led_FPGA/Qsys_system/synthesis/submodules/altera_merlin_arbitrator.sv
Info: rsp_xbar_demux: "mm_interconnect_0" instantiated altera_merlin_demultiplexer "rsp_xbar_demux"
Info: rsp_xbar_demux_003: "mm_interconnect_0" instantiated altera_merlin_demultiplexer "rsp_xbar_demux_003"
Info: rsp_xbar_mux: "mm_interconnect_0" instantiated altera_merlin_multiplexer "rsp_xbar_mux"
Info: Reusing file E:/Pov_Led_FPGA/Qsys_system/synthesis/submodules/altera_merlin_arbitrator.sv
Info: rsp_xbar_mux_001: "mm_interconnect_0" instantiated altera_merlin_multiplexer "rsp_xbar_mux_001"
Info: Reusing file E:/Pov_Led_FPGA/Qsys_system/synthesis/submodules/altera_merlin_arbitrator.sv
Info: Qsys_system: Done "Qsys_system" with 29 modules, 51 files, 1304558 bytes
Info: ip-generate succeeded.
Info: Finished: Create HDL design files for synthesis
