
**** Build of configuration Nios II for project Pov_Led_FPGA ****

make all 
      0 [main] sh 4528 find_fast_cwd: WARNING: Couldn't compute FAST_CWD pointer.  Please report this problem to
the public mailing list cygwin@cygwin.com
      0 [main] sh 13128 find_fast_cwd: WARNING: Couldn't compute FAST_CWD pointer.  Please report this problem to
the public mailing list cygwin@cygwin.com
      0 [main] echo 4692 find_fast_cwd: WARNING: Couldn't compute FAST_CWD pointer.  Please report this problem to
Info: Building ../Pov_Led_FPGA_bsp/
the public mailing list cygwin@cygwin.com
make --no-print-directory -C ../Pov_Led_FPGA_bsp/
      0 [main] pwd 10020 find_fast_cwd: WARNING: Couldn't compute FAST_CWD pointer.  Please report this problem to
the public mailing list cygwin@cygwin.com
      0 [main] sh 6248 find_fast_cwd: WARNING: Couldn't compute FAST_CWD pointer.  Please report this problem to
the public mailing list cygwin@cygwin.com
      0 [main] sh 6168 find_fast_cwd: WARNING: Couldn't compute FAST_CWD pointer.  Please report this problem to
the public mailing list cygwin@cygwin.com
[BSP build complete]
      1 [main] echo 6344 find_fast_cwd: WARNING: Couldn't compute FAST_CWD pointer.  Please report this problem to
Info: Compiling main.c to obj/default/main.o
the public mailing list cygwin@cygwin.com
      0 [main] mkdir 11312 find_fast_cwd: WARNING: Couldn't compute FAST_CWD pointer.  Please report this problem to
the public mailing list cygwin@cygwin.com
nios2-elf-gcc -xc -MP -MMD -c -I../Pov_Led_FPGA_bsp//HAL/inc -I../Pov_Led_FPGA_bsp/ -I../Pov_Led_FPGA_bsp//drivers/inc  -DSYSTEM_BUS_WIDTH=32 -pipe -D__hal__ -DALT_NO_INSTRUCTION_EMULATION -DALT_USE_SMALL_DRIVERS -DSMALL_C_LIB -DALT_SINGLE_THREADED    -O0 -g -Wall   -mno-hw-div -mhw-mul -mno-hw-mulx  -o obj/default/main.o main.c
      0 [main] true 9708 find_fast_cwd: WARNING: Couldn't compute FAST_CWD pointer.  Please report this problem to
the public mailing list cygwin@cygwin.com
      0 [main] echo 11132 find_fast_cwd: WARNING: Couldn't compute FAST_CWD pointer.  Please report this problem to
Info: Linking Pov_Led_FPGA.elf
the public mailing list cygwin@cygwin.com
nios2-elf-g++  -T'../Pov_Led_FPGA_bsp//linker.x' -msys-crt0='../Pov_Led_FPGA_bsp//obj/HAL/src/crt0.o' -msys-lib=hal_bsp -L../Pov_Led_FPGA_bsp/  -msmallc  -Wl,-Map=Pov_Led_FPGA.map   -O0 -g -Wall   -mno-hw-div -mhw-mul -mno-hw-mulx  -o Pov_Led_FPGA.elf obj/default/main.o -lm 
nios2-elf-insert Pov_Led_FPGA.elf --thread_model hal --cpu_name nios2_qsys --qsys true --simulation_enabled false --id 0 --sidp 0x1830 --timestamp 1514304766 --stderr_dev jtag_uart --stdin_dev jtag_uart --stdout_dev jtag_uart --sopc_system_name Qsys_system --quartus_project_dir "F:/Pov_Led_FPGA" --sopcinfo F:/Pov_Led_FPGA/Qsys_system.sopcinfo
      0 [main] sh 12048 find_fast_cwd: WARNING: Couldn't compute FAST_CWD pointer.  Please report this problem to
the public mailing list cygwin@cygwin.com
      0 [main] uname 7620 find_fast_cwd: WARNING: Couldn't compute FAST_CWD pointer.  Please report this problem to
the public mailing list cygwin@cygwin.com
      0 [main] sh 8600 find_fast_cwd: WARNING: Couldn't compute FAST_CWD pointer.  Please report this problem to
the public mailing list cygwin@cygwin.com
Info: (Pov_Led_FPGA.elf) 8416 Bytes program size (code + initialized data).
Info:                    1792 Bytes free for stack + heap.
      0 [main] echo 900 find_fast_cwd: WARNING: Couldn't compute FAST_CWD pointer.  Please report this problem to
Info: Creating Pov_Led_FPGA.objdump
the public mailing list cygwin@cygwin.com
nios2-elf-objdump --disassemble --syms --all-header --source Pov_Led_FPGA.elf >Pov_Led_FPGA.objdump
      0 [main] sh 9620 find_fast_cwd: WARNING: Couldn't compute FAST_CWD pointer.  Please report this problem to
the public mailing list cygwin@cygwin.com
      0 [main] sh 10976 find_fast_cwd: WARNING: Couldn't compute FAST_CWD pointer.  Please report this problem to
the public mailing list cygwin@cygwin.com
[Pov_Led_FPGA build complete]

**** Build Finished ****
