Flow report for Pov_Led_FPGA
Wed Dec 27 00:43:42 2017
Quartus II 64-Bit Version 13.1.0 Build 162 10/23/2013 SJ Full Version


---------------------
; Table of Contents ;
---------------------
  1. Legal Notice
  2. Flow Summary
  3. Flow Settings
  4. Flow Non-Default Global Settings
  5. Flow Elapsed Time
  6. Flow OS Summary
  7. Flow Log
  8. Flow Messages
  9. Flow Suppressed Messages



----------------
; Legal Notice ;
----------------
Copyright (C) 1991-2013 Altera Corporation
Your use of Altera Corporation's design tools, logic functions 
and other software and tools, and its AMPP partner logic 
functions, and any output files from any of the foregoing 
(including device programming or simulation files), and any 
associated documentation or information are expressly subject 
to the terms and conditions of the Altera Program License 
Subscription Agreement, Altera MegaCore Function License 
Agreement, or other applicable license agreement, including, 
without limitation, that your use is for the sole purpose of 
programming logic devices manufactured by Altera and sold by 
Altera or its authorized distributors.  Please refer to the 
applicable agreement for further details.



+----------------------------------------------------------------------------------+
; Flow Summary                                                                     ;
+------------------------------------+---------------------------------------------+
; Flow Status                        ; Successful - Wed Dec 27 00:43:42 2017       ;
; Quartus II 64-Bit Version          ; 13.1.0 Build 162 10/23/2013 SJ Full Version ;
; Revision Name                      ; Pov_Led_FPGA                                ;
; Top-level Entity Name              ; Pov_Led_FPGA                                ;
; Family                             ; Cyclone IV E                                ;
; Device                             ; EP4CE6E22C8                                 ;
; Timing Models                      ; Final                                       ;
; Total logic elements               ; 3,589 / 6,272 ( 57 % )                      ;
;     Total combinational functions  ; 3,259 / 6,272 ( 52 % )                      ;
;     Dedicated logic registers      ; 2,130 / 6,272 ( 34 % )                      ;
; Total registers                    ; 2130                                        ;
; Total pins                         ; 12 / 92 ( 13 % )                            ;
; Total virtual pins                 ; 0                                           ;
; Total memory bits                  ; 153,280 / 276,480 ( 55 % )                  ;
; Embedded Multiplier 9-bit elements ; 4 / 30 ( 13 % )                             ;
; Total PLLs                         ; 1 / 2 ( 50 % )                              ;
+------------------------------------+---------------------------------------------+


+-----------------------------------------+
; Flow Settings                           ;
+-------------------+---------------------+
; Option            ; Setting             ;
+-------------------+---------------------+
; Start date & time ; 12/27/2017 00:42:50 ;
; Main task         ; Compilation         ;
; Revision Name     ; Pov_Led_FPGA        ;
+-------------------+---------------------+


+-----------------------------------------------------------------------------------------------------------------------------------------------------------------------------------------+
; Flow Non-Default Global Settings                                                                                                                                                        ;
+-------------------------------------+---------------------------------------------------------------+---------------+--------------------------------------------------+----------------+
; Assignment Name                     ; Value                                                         ; Default Value ; Entity Name                                      ; Section Id     ;
+-------------------------------------+---------------------------------------------------------------+---------------+--------------------------------------------------+----------------+
; COMPILER_SIGNATURE_ID               ; 53447164543758.151430657011656                                ; --            ; --                                               ; --             ;
; EDA_OUTPUT_DATA_FORMAT              ; Vhdl                                                          ; --            ; --                                               ; eda_simulation ;
; EDA_SIMULATION_TOOL                 ; ModelSim-Altera (VHDL)                                        ; <None>        ; --                                               ; --             ;
; IP_TOOL_ENV                         ; Qsys                                                          ; --            ; Qsys_system                                      ; --             ;
; IP_TOOL_ENV                         ; Qsys                                                          ; --            ; Qsys_system_Hal249                               ; --             ;
; IP_TOOL_ENV                         ; Qsys                                                          ; --            ; Qsys_system_epcs_flash                           ; --             ;
; IP_TOOL_ENV                         ; Qsys                                                          ; --            ; Qsys_system_irq_mapper                           ; --             ;
; IP_TOOL_ENV                         ; Qsys                                                          ; --            ; Qsys_system_jtag_uart                            ; --             ;
; IP_TOOL_ENV                         ; Qsys                                                          ; --            ; Qsys_system_mm_interconnect_0                    ; --             ;
; IP_TOOL_ENV                         ; Qsys                                                          ; --            ; Qsys_system_mm_interconnect_0_addr_router        ; --             ;
; IP_TOOL_ENV                         ; Qsys                                                          ; --            ; Qsys_system_mm_interconnect_0_addr_router_001    ; --             ;
; IP_TOOL_ENV                         ; Qsys                                                          ; --            ; Qsys_system_mm_interconnect_0_cmd_xbar_demux     ; --             ;
; IP_TOOL_ENV                         ; Qsys                                                          ; --            ; Qsys_system_mm_interconnect_0_cmd_xbar_demux_001 ; --             ;
; IP_TOOL_ENV                         ; Qsys                                                          ; --            ; Qsys_system_mm_interconnect_0_cmd_xbar_mux       ; --             ;
; IP_TOOL_ENV                         ; Qsys                                                          ; --            ; Qsys_system_mm_interconnect_0_cmd_xbar_mux_003   ; --             ;
; IP_TOOL_ENV                         ; Qsys                                                          ; --            ; Qsys_system_mm_interconnect_0_id_router          ; --             ;
; IP_TOOL_ENV                         ; Qsys                                                          ; --            ; Qsys_system_mm_interconnect_0_id_router_003      ; --             ;
; IP_TOOL_ENV                         ; Qsys                                                          ; --            ; Qsys_system_mm_interconnect_0_rsp_xbar_demux     ; --             ;
; IP_TOOL_ENV                         ; Qsys                                                          ; --            ; Qsys_system_mm_interconnect_0_rsp_xbar_demux_003 ; --             ;
; IP_TOOL_ENV                         ; Qsys                                                          ; --            ; Qsys_system_mm_interconnect_0_rsp_xbar_mux       ; --             ;
; IP_TOOL_ENV                         ; Qsys                                                          ; --            ; Qsys_system_mm_interconnect_0_rsp_xbar_mux_001   ; --             ;
; IP_TOOL_ENV                         ; Qsys                                                          ; --            ; Qsys_system_nios2_qsys                           ; --             ;
; IP_TOOL_ENV                         ; Qsys                                                          ; --            ; Qsys_system_onchip_ram                           ; --             ;
; IP_TOOL_ENV                         ; Qsys                                                          ; --            ; Qsys_system_sysid_qsys                           ; --             ;
; IP_TOOL_ENV                         ; Qsys                                                          ; --            ; altera_avalon_sc_fifo                            ; --             ;
; IP_TOOL_ENV                         ; Qsys                                                          ; --            ; altera_merlin_master_agent                       ; --             ;
; IP_TOOL_ENV                         ; Qsys                                                          ; --            ; altera_merlin_master_translator                  ; --             ;
; IP_TOOL_ENV                         ; Qsys                                                          ; --            ; altera_merlin_slave_agent                        ; --             ;
; IP_TOOL_ENV                         ; Qsys                                                          ; --            ; altera_merlin_slave_translator                   ; --             ;
; IP_TOOL_ENV                         ; Qsys                                                          ; --            ; altera_merlin_traffic_limiter                    ; --             ;
; IP_TOOL_ENV                         ; Qsys                                                          ; --            ; altera_reset_controller                          ; --             ;
; IP_TOOL_NAME                        ; ALTPLL                                                        ; --            ; --                                               ; --             ;
; IP_TOOL_NAME                        ; Qsys                                                          ; --            ; Qsys_system                                      ; --             ;
; IP_TOOL_NAME                        ; altera_avalon_pio                                             ; --            ; Qsys_system_Hal249                               ; --             ;
; IP_TOOL_NAME                        ; altera_avalon_epcs_flash_controller                           ; --            ; Qsys_system_epcs_flash                           ; --             ;
; IP_TOOL_NAME                        ; altera_irq_mapper                                             ; --            ; Qsys_system_irq_mapper                           ; --             ;
; IP_TOOL_NAME                        ; altera_avalon_jtag_uart                                       ; --            ; Qsys_system_jtag_uart                            ; --             ;
; IP_TOOL_NAME                        ; altera_merlin_interconnect_wrapper                            ; --            ; Qsys_system_mm_interconnect_0                    ; --             ;
; IP_TOOL_NAME                        ; altera_merlin_router                                          ; --            ; Qsys_system_mm_interconnect_0_addr_router        ; --             ;
; IP_TOOL_NAME                        ; altera_merlin_router                                          ; --            ; Qsys_system_mm_interconnect_0_addr_router_001    ; --             ;
; IP_TOOL_NAME                        ; altera_merlin_demultiplexer                                   ; --            ; Qsys_system_mm_interconnect_0_cmd_xbar_demux     ; --             ;
; IP_TOOL_NAME                        ; altera_merlin_demultiplexer                                   ; --            ; Qsys_system_mm_interconnect_0_cmd_xbar_demux_001 ; --             ;
; IP_TOOL_NAME                        ; altera_merlin_multiplexer                                     ; --            ; Qsys_system_mm_interconnect_0_cmd_xbar_mux       ; --             ;
; IP_TOOL_NAME                        ; altera_merlin_multiplexer                                     ; --            ; Qsys_system_mm_interconnect_0_cmd_xbar_mux_003   ; --             ;
; IP_TOOL_NAME                        ; altera_merlin_router                                          ; --            ; Qsys_system_mm_interconnect_0_id_router          ; --             ;
; IP_TOOL_NAME                        ; altera_merlin_router                                          ; --            ; Qsys_system_mm_interconnect_0_id_router_003      ; --             ;
; IP_TOOL_NAME                        ; altera_merlin_demultiplexer                                   ; --            ; Qsys_system_mm_interconnect_0_rsp_xbar_demux     ; --             ;
; IP_TOOL_NAME                        ; altera_merlin_demultiplexer                                   ; --            ; Qsys_system_mm_interconnect_0_rsp_xbar_demux_003 ; --             ;
; IP_TOOL_NAME                        ; altera_merlin_multiplexer                                     ; --            ; Qsys_system_mm_interconnect_0_rsp_xbar_mux       ; --             ;
; IP_TOOL_NAME                        ; altera_merlin_multiplexer                                     ; --            ; Qsys_system_mm_interconnect_0_rsp_xbar_mux_001   ; --             ;
; IP_TOOL_NAME                        ; altera_nios2_qsys                                             ; --            ; Qsys_system_nios2_qsys                           ; --             ;
; IP_TOOL_NAME                        ; altera_avalon_onchip_memory2                                  ; --            ; Qsys_system_onchip_ram                           ; --             ;
; IP_TOOL_NAME                        ; altera_avalon_sysid_qsys                                      ; --            ; Qsys_system_sysid_qsys                           ; --             ;
; IP_TOOL_NAME                        ; altera_avalon_sc_fifo                                         ; --            ; altera_avalon_sc_fifo                            ; --             ;
; IP_TOOL_NAME                        ; altera_merlin_master_agent                                    ; --            ; altera_merlin_master_agent                       ; --             ;
; IP_TOOL_NAME                        ; altera_merlin_master_translator                               ; --            ; altera_merlin_master_translator                  ; --             ;
; IP_TOOL_NAME                        ; altera_merlin_slave_agent                                     ; --            ; altera_merlin_slave_agent                        ; --             ;
; IP_TOOL_NAME                        ; altera_merlin_slave_translator                                ; --            ; altera_merlin_slave_translator                   ; --             ;
; IP_TOOL_NAME                        ; altera_merlin_traffic_limiter                                 ; --            ; altera_merlin_traffic_limiter                    ; --             ;
; IP_TOOL_NAME                        ; altera_reset_controller                                       ; --            ; altera_reset_controller                          ; --             ;
; IP_TOOL_VERSION                     ; 13.1                                                          ; --            ; --                                               ; --             ;
; IP_TOOL_VERSION                     ; 13.1                                                          ; --            ; Qsys_system                                      ; --             ;
; IP_TOOL_VERSION                     ; 13.1                                                          ; --            ; Qsys_system_Hal249                               ; --             ;
; IP_TOOL_VERSION                     ; 13.1                                                          ; --            ; Qsys_system_epcs_flash                           ; --             ;
; IP_TOOL_VERSION                     ; 13.1                                                          ; --            ; Qsys_system_irq_mapper                           ; --             ;
; IP_TOOL_VERSION                     ; 13.1                                                          ; --            ; Qsys_system_jtag_uart                            ; --             ;
; IP_TOOL_VERSION                     ; 13.1                                                          ; --            ; Qsys_system_mm_interconnect_0                    ; --             ;
; IP_TOOL_VERSION                     ; 13.1                                                          ; --            ; Qsys_system_mm_interconnect_0_addr_router        ; --             ;
; IP_TOOL_VERSION                     ; 13.1                                                          ; --            ; Qsys_system_mm_interconnect_0_addr_router_001    ; --             ;
; IP_TOOL_VERSION                     ; 13.1                                                          ; --            ; Qsys_system_mm_interconnect_0_cmd_xbar_demux     ; --             ;
; IP_TOOL_VERSION                     ; 13.1                                                          ; --            ; Qsys_system_mm_interconnect_0_cmd_xbar_demux_001 ; --             ;
; IP_TOOL_VERSION                     ; 13.1                                                          ; --            ; Qsys_system_mm_interconnect_0_cmd_xbar_mux       ; --             ;
; IP_TOOL_VERSION                     ; 13.1                                                          ; --            ; Qsys_system_mm_interconnect_0_cmd_xbar_mux_003   ; --             ;
; IP_TOOL_VERSION                     ; 13.1                                                          ; --            ; Qsys_system_mm_interconnect_0_id_router          ; --             ;
; IP_TOOL_VERSION                     ; 13.1                                                          ; --            ; Qsys_system_mm_interconnect_0_id_router_003      ; --             ;
; IP_TOOL_VERSION                     ; 13.1                                                          ; --            ; Qsys_system_mm_interconnect_0_rsp_xbar_demux     ; --             ;
; IP_TOOL_VERSION                     ; 13.1                                                          ; --            ; Qsys_system_mm_interconnect_0_rsp_xbar_demux_003 ; --             ;
; IP_TOOL_VERSION                     ; 13.1                                                          ; --            ; Qsys_system_mm_interconnect_0_rsp_xbar_mux       ; --             ;
; IP_TOOL_VERSION                     ; 13.1                                                          ; --            ; Qsys_system_mm_interconnect_0_rsp_xbar_mux_001   ; --             ;
; IP_TOOL_VERSION                     ; 13.1                                                          ; --            ; Qsys_system_nios2_qsys                           ; --             ;
; IP_TOOL_VERSION                     ; 13.1                                                          ; --            ; Qsys_system_onchip_ram                           ; --             ;
; IP_TOOL_VERSION                     ; 13.1                                                          ; --            ; Qsys_system_sysid_qsys                           ; --             ;
; IP_TOOL_VERSION                     ; 13.1                                                          ; --            ; altera_avalon_sc_fifo                            ; --             ;
; IP_TOOL_VERSION                     ; 13.1                                                          ; --            ; altera_merlin_master_agent                       ; --             ;
; IP_TOOL_VERSION                     ; 13.1                                                          ; --            ; altera_merlin_master_translator                  ; --             ;
; IP_TOOL_VERSION                     ; 13.1                                                          ; --            ; altera_merlin_slave_agent                        ; --             ;
; IP_TOOL_VERSION                     ; 13.1                                                          ; --            ; altera_merlin_slave_translator                   ; --             ;
; IP_TOOL_VERSION                     ; 13.1                                                          ; --            ; altera_merlin_traffic_limiter                    ; --             ;
; IP_TOOL_VERSION                     ; 13.1                                                          ; --            ; altera_reset_controller                          ; --             ;
; MAX_CORE_JUNCTION_TEMP              ; 85                                                            ; --            ; --                                               ; --             ;
; MIN_CORE_JUNCTION_TEMP              ; 0                                                             ; --            ; --                                               ; --             ;
; MISC_FILE                           ; Qsys_system/synthesis/../../Qsys_system.cmp                   ; --            ; --                                               ; --             ;
; MISC_FILE                           ; Qsys_system/synthesis/../../Qsys_system.qsys                  ; --            ; --                                               ; --             ;
; MISC_FILE                           ; PLL_inst.v                                                    ; --            ; --                                               ; --             ;
; MISC_FILE                           ; PLL_bb.v                                                      ; --            ; --                                               ; --             ;
; MISC_FILE                           ; PLL.ppf                                                       ; --            ; --                                               ; --             ;
; OUTPUT_IO_TIMING_FAR_END_VMEAS      ; Half Signal Swing                                             ; --            ; --                                               ; --             ;
; OUTPUT_IO_TIMING_FAR_END_VMEAS      ; Half Signal Swing                                             ; --            ; --                                               ; --             ;
; OUTPUT_IO_TIMING_NEAR_END_VMEAS     ; Half Vccio                                                    ; --            ; --                                               ; --             ;
; OUTPUT_IO_TIMING_NEAR_END_VMEAS     ; Half Vccio                                                    ; --            ; --                                               ; --             ;
; PARTITION_COLOR                     ; 16764057                                                      ; --            ; --                                               ; Top            ;
; PARTITION_FITTER_PRESERVATION_LEVEL ; PLACEMENT_AND_ROUTING                                         ; --            ; --                                               ; Top            ;
; PARTITION_NETLIST_TYPE              ; SOURCE                                                        ; --            ; --                                               ; Top            ;
; POWER_BOARD_THERMAL_MODEL           ; None (CONSERVATIVE)                                           ; --            ; --                                               ; --             ;
; POWER_PRESET_COOLING_SOLUTION       ; 23 MM HEAT SINK WITH 200 LFPM AIRFLOW                         ; --            ; --                                               ; --             ;
; PROJECT_OUTPUT_DIRECTORY            ; output_files                                                  ; --            ; --                                               ; --             ;
; SLD_FILE                            ; Qsys_system/synthesis/Qsys_system.regmap                      ; --            ; --                                               ; --             ;
; SLD_FILE                            ; Qsys_system/synthesis/Qsys_system.debuginfo                   ; --            ; --                                               ; --             ;
; SLD_INFO                            ; QSYS_NAME Qsys_system HAS_SOPCINFO 1 GENERATION_ID 1514304766 ; --            ; Qsys_system                                      ; --             ;
; SOPCINFO_FILE                       ; Qsys_system/synthesis/../../Qsys_system.sopcinfo              ; --            ; --                                               ; --             ;
; SYNTHESIS_ONLY_QIP                  ; On                                                            ; --            ; --                                               ; --             ;
+-------------------------------------+---------------------------------------------------------------+---------------+--------------------------------------------------+----------------+


+-------------------------------------------------------------------------------------------------------------------------------+
; Flow Elapsed Time                                                                                                             ;
+---------------------------+--------------+-------------------------+---------------------+------------------------------------+
; Module Name               ; Elapsed Time ; Average Processors Used ; Peak Virtual Memory ; Total CPU Time (on all processors) ;
+---------------------------+--------------+-------------------------+---------------------+------------------------------------+
; Analysis & Synthesis      ; 00:00:21     ; 1.0                     ; 730 MB              ; 00:00:18                           ;
; Fitter                    ; 00:00:13     ; 1.3                     ; 1212 MB             ; 00:00:16                           ;
; Assembler                 ; 00:00:01     ; 1.0                     ; 522 MB              ; 00:00:01                           ;
; TimeQuest Timing Analyzer ; 00:00:04     ; 1.3                     ; 641 MB              ; 00:00:04                           ;
; EDA Netlist Writer        ; 00:00:05     ; 1.0                     ; 534 MB              ; 00:00:04                           ;
; Total                     ; 00:00:44     ; --                      ; --                  ; 00:00:43                           ;
+---------------------------+--------------+-------------------------+---------------------+------------------------------------+


+----------------------------------------------------------------------------------------+
; Flow OS Summary                                                                        ;
+---------------------------+------------------+-----------+------------+----------------+
; Module Name               ; Machine Hostname ; OS Name   ; OS Version ; Processor type ;
+---------------------------+------------------+-----------+------------+----------------+
; Analysis & Synthesis      ; PC-20171115KUPT  ; Windows 7 ; 6.2        ; x86_64         ;
; Fitter                    ; PC-20171115KUPT  ; Windows 7 ; 6.2        ; x86_64         ;
; Assembler                 ; PC-20171115KUPT  ; Windows 7 ; 6.2        ; x86_64         ;
; TimeQuest Timing Analyzer ; PC-20171115KUPT  ; Windows 7 ; 6.2        ; x86_64         ;
; EDA Netlist Writer        ; PC-20171115KUPT  ; Windows 7 ; 6.2        ; x86_64         ;
+---------------------------+------------------+-----------+------------+----------------+


------------
; Flow Log ;
------------
quartus_map --read_settings_files=on --write_settings_files=off Pov_Led_FPGA -c Pov_Led_FPGA
quartus_fit --read_settings_files=off --write_settings_files=off Pov_Led_FPGA -c Pov_Led_FPGA
quartus_asm --read_settings_files=off --write_settings_files=off Pov_Led_FPGA -c Pov_Led_FPGA
quartus_sta Pov_Led_FPGA -c Pov_Led_FPGA
quartus_eda --read_settings_files=off --write_settings_files=off Pov_Led_FPGA -c Pov_Led_FPGA



